08:21:32:384 [ALWAYS]	GUDE Logging Started
08:21:32:385 [INFO]	SqliteResumeCache::SqliteResumeCache basedirectory is null/empty
08:21:32:385 [ERROR]	SqliteResumeCache::CreateSqliteResumeCache creating resume cache pointer failure
08:21:32:385 [ERROR]	Initialize resume cache pointer failure
08:21:32:385 [INFO]	gude policy POLICY_USER limit (2,2,1) chunk 2097152, chunking (UL 0 DL 1), resXfer 1, adapt 0, NSURL 0, timeout 86400 
08:21:32:385 [INFO]	Initialized -- gude-lib version: v0.12.1 app: gude
08:21:52:335 [WARN]	Ignoring attempt to reinit logging to \gude at level 4 retaining 3 days of logs
08:21:52:335 [INFO]	SqliteResumeCache::SqliteResumeCache basedirectory is null/empty
08:21:52:335 [ERROR]	SqliteResumeCache::CreateSqliteResumeCache creating resume cache pointer failure
08:21:52:335 [ERROR]	Initialize resume cache pointer failure
08:21:52:335 [INFO]	gude policy POLICY_USER limit (4,4,1) chunk 2097152, chunking (UL 0 DL 1), resXfer 1, adapt 0, NSURL 1, timeout 86400 
08:21:52:335 [INFO]	Initialized -- gude-lib version: v0.12.1 app: gude
08:31:07:412 [ALWAYS]	GUDE Logging Started
08:31:07:413 [INFO]	SqliteResumeCache::SqliteResumeCache basedirectory is null/empty
08:31:07:413 [ERROR]	SqliteResumeCache::CreateSqliteResumeCache creating resume cache pointer failure
08:31:07:413 [ERROR]	Initialize resume cache pointer failure
08:31:07:413 [INFO]	gude policy POLICY_USER limit (2,2,1) chunk 2097152, chunking (UL 0 DL 1), resXfer 1, adapt 0, NSURL 0, timeout 86400 
08:31:07:413 [INFO]	Initialized -- gude-lib version: v0.12.1 app: gude
08:31:18:277 [WARN]	Ignoring attempt to reinit logging to \gude at level 4 retaining 3 days of logs
08:31:18:277 [INFO]	SqliteResumeCache::SqliteResumeCache basedirectory is null/empty
08:31:18:277 [ERROR]	SqliteResumeCache::CreateSqliteResumeCache creating resume cache pointer failure
08:31:18:277 [ERROR]	Initialize resume cache pointer failure
08:31:18:277 [INFO]	gude policy POLICY_USER limit (4,4,1) chunk 2097152, chunking (UL 0 DL 1), resXfer 1, adapt 0, NSURL 1, timeout 86400 
08:31:18:277 [INFO]	Initialized -- gude-lib version: v0.12.1 app: gude
